<?xml version="1.0" encoding="UTF-8"?>
<!-- Generated by org.testng.reporters.JUnitXMLReporter -->
<testsuite ignored="0" hostname="BRILAP4327" failures="1" tests="4" name="Test" time="0.063" errors="0" timestamp="2022-02-23T13:00:10 IST">
  <testcase classname="azureCICD.Test1" name="failme" time="0.016">
    <failure type="java.lang.AssertionError" message="expected [true] but found [false]">
      <![CDATA[java.lang.AssertionError: expected [true] but found [false]
at azureCICD.Test1.failme(Test1.java:19)
at java.base/java.util.ArrayList.forEach(ArrayList.java:1511)
... Removed 31 stack frames]]>
    </failure>
  </testcase> <!-- failme -->
  <testcase classname="azureCICD.Test1" name="printme" time="0.001"/>
  <testcase classname="azureCICD.Test1" name="skipme" time="0.001">
    <skipped/>
  </testcase> <!-- skipme -->
  <testcase classname="azureCICD.Test1" name="whoisme" time="0.0"/>
</testsuite> <!-- Test -->
