<?xml version="1.0" encoding="UTF-8"?>
<!-- Generated by org.testng.reporters.JUnitXMLReporter -->
<testsuite ignored="0" hostname="BRILAP4327" failures="2" tests="5" name="Test" time="0.268" errors="0" timestamp="2022-02-23T20:08:40 IST">
  <testcase classname="azureCICD.Test1" name="failme" time="0.01">
    <failure type="java.lang.AssertionError" message="expected [true] but found [false]">
      <![CDATA[java.lang.AssertionError: expected [true] but found [false]
at azureCICD.Test1.failme(Test1.java:19)
at java.base/java.util.ArrayList.forEach(ArrayList.java:1511)
... Removed 31 stack frames]]>
    </failure>
  </testcase> <!-- failme -->
  <testcase classname="azureCICD.Test1" name="printme" time="0.001"/>
  <testcase classname="azureCICD.Test1" name="skipme" time="0.001">
    <skipped/>
  </testcase> <!-- skipme -->
  <testcase classname="azureCICD.Test1" name="whoisme" time="0.001"/>
  <testcase classname="azureCICD.Test2" name="testcaseimplement2" time="0.199">
    <failure type="java.lang.AssertionError" message="expected [false] but found [true]">
      <![CDATA[java.lang.AssertionError: expected [false] but found [true]
at azureCICD.Test2.testcaseimplement2(Test2.java:30)
at java.base/java.util.ArrayList.forEach(ArrayList.java:1511)
... Removed 31 stack frames]]>
    </failure>
  </testcase> <!-- testcaseimplement2 -->
</testsuite> <!-- Test -->
